2026-01-18 11:28:53,580 | INFO     | src.commands.all | ============================================================
2026-01-18 11:28:53,580 | INFO     | src.commands.all | COMPLETE SCAN - All Systems
2026-01-18 11:28:53,580 | INFO     | src.commands.all | ============================================================
2026-01-18 11:28:53,600 | INFO     | src.commands.all | 
[1/6] Daily Movers Discovery...
[WARN] Russell 2000 fetch failed; proceeding with SP500 + NASDAQ100 only.
[INFO] Loaded Russell 2000 fallback from tickers/r2000.txt (1941 tickers)
Computing daily movers for 2484 tickers (asof: 2026-01-16)...
[1/2] Fetching OHLCV from Polygon (primary)...
2026-01-18 11:29:01,082 | INFO     | src.core.polygon | Polygon cache: 2484 hits, 0 to fetch
  Polygon populated 2484/2484 tickers.
  Total tickers with valid data: 2484
2026-01-18 11:30:41,091 | INFO     | src.commands.all |   ✓ Found 20 eligible movers
2026-01-18 11:30:41,091 | INFO     | src.commands.all | 
[2/6] Weekly Scanner...
[WARN] Russell 2000 fetch failed; proceeding with SP500 + NASDAQ100 only.
[INFO] Loaded Russell 2000 fallback from tickers/r2000.txt (1941 tickers)
Computing daily movers for 2484 tickers (asof: 2026-01-16)...
[1/2] Fetching OHLCV from Polygon (primary)...
2026-01-18 11:30:47,447 | INFO     | src.core.polygon | Polygon cache: 2484 hits, 0 to fetch
  Polygon populated 2484/2484 tickers.
  Total tickers with valid data: 2484

[1/4] Loading OHLCV from permanent database...
  Database: 2483 tickers loaded, 1 missing
[1/4] Fetching OHLCV from Polygon for 1 tickers...
2026-01-18 11:32:24,396 | INFO     | src.core.polygon | Polygon cache: 1 hits, 0 to fetch
